<?xml version="1.0" encoding="UTF-8"?>
<testng-results ignored="0" total="2" passed="2" failed="0" skipped="0">
  <reporter-output>
  </reporter-output>
  <suite started-at="2024-01-10T11:31:49 IST" name="utilTest.functionTest" finished-at="2024-01-10T11:31:49 IST" duration-ms="32">
    <groups>
    </groups>
    <test started-at="2024-01-10T11:31:49 IST" name="Command line test" finished-at="2024-01-10T11:31:49 IST" duration-ms="32">
      <class name="utilTest.functionTest">
        <test-method signature="functionAdvaceTest()[pri:0, instance:utilTest.functionTest@17695df3]" started-at="2024-01-10T11:31:49 IST" name="functionAdvaceTest" finished-at="2024-01-10T11:31:49 IST" duration-ms="4" status="PASS">
          <reporter-output>
          </reporter-output>
        </test-method> <!-- functionAdvaceTest -->
        <test-method signature="functionTest()[pri:0, instance:utilTest.functionTest@17695df3]" started-at="2024-01-10T11:31:49 IST" name="functionTest" finished-at="2024-01-10T11:31:49 IST" duration-ms="1" status="PASS">
          <reporter-output>
          </reporter-output>
        </test-method> <!-- functionTest -->
      </class> <!-- utilTest.functionTest -->
    </test> <!-- Command line test -->
  </suite> <!-- utilTest.functionTest -->
</testng-results>
